[    0.000000] Linux version 4.15.0-206-generic (buildd@lcy02-amd64-070) (gcc version 7.5.0 (Ubuntu 7.5.0-3ubuntu1~18.04)) #217-Ubuntu SMP Fri Feb 3 19:10:13 UTC 2023 (Ubuntu 4.15.0-206.217-generic 4.15.18)
[    0.000000] Command line: BOOT_IMAGE=/boot/vmlinuz-4.15.0-206-generic root=LABEL=cloudimg-rootfs ro console=tty1 console=ttyS0
[    0.000000] KERNEL supported cpus:
[    0.000000]   Intel GenuineIntel
[    0.000000]   AMD AuthenticAMD
[    0.000000]   Centaur CentaurHauls
[    0.000000] x86/fpu: Supporting XSAVE feature 0x001: 'x87 floating point registers'
[    0.000000] x86/fpu: Supporting XSAVE feature 0x002: 'SSE registers'
[    0.000000] x86/fpu: Supporting XSAVE feature 0x004: 'AVX registers'
[    0.000000] x86/fpu: xstate_offset[2]:  576, xstate_sizes[2]:  256
[    0.000000] x86/fpu: Enabled xstate features 0x7, context size is 832 bytes, using 'standard' format.
[    0.000000] e820: BIOS-provided physical RAM map:
[    0.000000] BIOS-e820: [mem 0x0000000000000000-0x000000000009fbff] usable
[    0.000000] BIOS-e820: [mem 0x000000000009fc00-0x000000000009ffff] reserved
[    0.000000] BIOS-e820: [mem 0x00000000000f0000-0x00000000000fffff] reserved
[    0.000000] BIOS-e820: [mem 0x0000000000100000-0x00000000dffeffff] usable
[    0.000000] BIOS-e820: [mem 0x00000000dfff0000-0x00000000dfffffff] ACPI data
[    0.000000] BIOS-e820: [mem 0x00000000fec00000-0x00000000fec00fff] reserved
[    0.000000] BIOS-e820: [mem 0x00000000fee00000-0x00000000fee00fff] reserved
[    0.000000] BIOS-e820: [mem 0x00000000fffc0000-0x00000000ffffffff] reserved
[    0.000000] BIOS-e820: [mem 0x0000000100000000-0x000000011fffffff] usable
[    0.000000] NX (Execute Disable) protection: active
[    0.000000] SMBIOS 2.5 present.
[    0.000000] DMI: innotek GmbH VirtualBox/VirtualBox, BIOS VirtualBox 12/01/2006
[    0.000000] Hypervisor detected: KVM
[    0.000000] e820: last_pfn = 0x120000 max_arch_pfn = 0x400000000
[    0.000000] MTRR: Disabled
[    0.000000] x86/PAT: MTRRs disabled, skipping PAT initialization too.
[    0.000000] CPU MTRRs all blank - virtualized system.
[    0.000000] x86/PAT: Configuration [0-7]: WB  WT  UC- UC  WB  WT  UC- UC  
[    0.000000] e820: last_pfn = 0xdfff0 max_arch_pfn = 0x400000000
[    0.000000] found SMP MP-table at [mem 0x0009fff0-0x0009ffff]
[    0.000000] Scanning 1 areas for low memory corruption
[    0.000000] RAMDISK: [mem 0x359c9000-0x36cdbfff]
[    0.000000] ACPI: Early table checksum verification disabled
[    0.000000] ACPI: RSDP 0x00000000000E0000 000024 (v02 VBOX  )
[    0.000000] ACPI: XSDT 0x00000000DFFF0030 00003C (v01 VBOX   VBOXXSDT 00000001 ASL  00000061)
[    0.000000] ACPI: FACP 0x00000000DFFF00F0 0000F4 (v04 VBOX   VBOXFACP 00000001 ASL  00000061)
[    0.000000] ACPI: DSDT 0x00000000DFFF0470 002325 (v02 VBOX   VBOXBIOS 00000002 INTL 20200925)
[    0.000000] ACPI: FACS 0x00000000DFFF0200 000040
[    0.000000] ACPI: FACS 0x00000000DFFF0200 000040
[    0.000000] ACPI: APIC 0x00000000DFFF0240 00005C (v02 VBOX   VBOXAPIC 00000001 ASL  00000061)
[    0.000000] ACPI: SSDT 0x00000000DFFF02A0 0001CC (v01 VBOX   VBOXCPUT 00000002 INTL 20200925)
[    0.000000] ACPI: Reserving FACP table memory at [mem 0xdfff00f0-0xdfff01e3]
[    0.000000] ACPI: Reserving DSDT table memory at [mem 0xdfff0470-0xdfff2794]
[    0.000000] ACPI: Reserving FACS table memory at [mem 0xdfff0200-0xdfff023f]
[    0.000000] ACPI: Reserving FACS table memory at [mem 0xdfff0200-0xdfff023f]
[    0.000000] ACPI: Reserving APIC table memory at [mem 0xdfff0240-0xdfff029b]
[    0.000000] ACPI: Reserving SSDT table memory at [mem 0xdfff02a0-0xdfff046b]
[    0.000000] No NUMA configuration found
[    0.000000] Faking a node at [mem 0x0000000000000000-0x000000011fffffff]
[    0.000000] NODE_DATA(0) allocated [mem 0x11ffd1000-0x11fffbfff]
[    0.000000] kvm-clock: cpu 0, msr 1:1ff50001, primary cpu clock
[    0.000000] kvm-clock: Using msrs 4b564d01 and 4b564d00
[    0.000000] kvm-clock: using sched offset of 3204911251 cycles
[    0.000000] clocksource: kvm-clock: mask: 0xffffffffffffffff max_cycles: 0x1cd42e4dffb, max_idle_ns: 881590591483 ns
[    0.000000] Zone ranges:
[    0.000000]   DMA      [mem 0x0000000000001000-0x0000000000ffffff]
[    0.000000]   DMA32    [mem 0x0000000001000000-0x00000000ffffffff]
[    0.000000]   Normal   [mem 0x0000000100000000-0x000000011fffffff]
[    0.000000]   Device   empty
[    0.000000] Movable zone start for each node
[    0.000000] Early memory node ranges
[    0.000000]   node   0: [mem 0x0000000000001000-0x000000000009efff]
[    0.000000]   node   0: [mem 0x0000000000100000-0x00000000dffeffff]
[    0.000000]   node   0: [mem 0x0000000100000000-0x000000011fffffff]
[    0.000000] Reserved but unavailable: 104 pages
[    0.000000] Initmem setup node 0 [mem 0x0000000000001000-0x000000011fffffff]
[    0.000000] ACPI: PM-Timer IO Port: 0x4008
[    0.000000] IOAPIC[0]: apic_id 2, version 32, address 0xfec00000, GSI 0-23
[    0.000000] ACPI: INT_SRC_OVR (bus 0 bus_irq 0 global_irq 2 dfl dfl)
[    0.000000] ACPI: INT_SRC_OVR (bus 0 bus_irq 9 global_irq 9 low level)
[    0.000000] Using ACPI (MADT) for SMP configuration information
[    0.000000] smpboot: Allowing 2 CPUs, 0 hotplug CPUs
[    0.000000] PM: Registered nosave memory: [mem 0x00000000-0x00000fff]
[    0.000000] PM: Registered nosave memory: [mem 0x0009f000-0x0009ffff]
[    0.000000] PM: Registered nosave memory: [mem 0x000a0000-0x000effff]
[    0.000000] PM: Registered nosave memory: [mem 0x000f0000-0x000fffff]
[    0.000000] PM: Registered nosave memory: [mem 0xdfff0000-0xdfffffff]
[    0.000000] PM: Registered nosave memory: [mem 0xe0000000-0xfebfffff]
[    0.000000] PM: Registered nosave memory: [mem 0xfec00000-0xfec00fff]
[    0.000000] PM: Registered nosave memory: [mem 0xfec01000-0xfedfffff]
[    0.000000] PM: Registered nosave memory: [mem 0xfee00000-0xfee00fff]
[    0.000000] PM: Registered nosave memory: [mem 0xfee01000-0xfffbffff]
[    0.000000] PM: Registered nosave memory: [mem 0xfffc0000-0xffffffff]
[    0.000000] e820: [mem 0xe0000000-0xfebfffff] available for PCI devices
[    0.000000] Booting paravirtualized kernel on KVM
[    0.000000] clocksource: refined-jiffies: mask: 0xffffffff max_cycles: 0xffffffff, max_idle_ns: 7645519600211568 ns
[    0.000000] setup_percpu: NR_CPUS:8192 nr_cpumask_bits:2 nr_cpu_ids:2 nr_node_ids:1
[    0.000000] percpu: Embedded 50 pages/cpu s167936 r8192 d28672 u1048576
[    0.000000] PV qspinlock hash table entries: 256 (order: 0, 4096 bytes)
[    0.000000] Built 1 zonelists, mobility grouping on.  Total pages: 1032057
[    0.000000] Policy zone: Normal
[    0.000000] Kernel command line: BOOT_IMAGE=/boot/vmlinuz-4.15.0-206-generic root=LABEL=cloudimg-rootfs ro console=tty1 console=ttyS0
[    0.000000] Memory: 4013248K/4193848K available (12300K kernel code, 2477K rwdata, 4324K rodata, 2480K init, 2720K bss, 180600K reserved, 0K cma-reserved)
[    0.000000] SLUB: HWalign=64, Order=0-3, MinObjects=0, CPUs=2, Nodes=1
[    0.000000] Kernel/User page tables isolation: enabled
[    0.000000] ftrace: allocating 39485 entries in 155 pages
[    0.004000] Hierarchical RCU implementation.
[    0.004000] 	RCU restricting CPUs from NR_CPUS=8192 to nr_cpu_ids=2.
[    0.004000] 	Tasks RCU enabled.
[    0.004000] RCU: Adjusting geometry for rcu_fanout_leaf=16, nr_cpu_ids=2
[    0.004000] NR_IRQS: 524544, nr_irqs: 440, preallocated irqs: 16
[    0.004000] random: crng init done
[    0.004000] Console: colour VGA+ 80x25
[    0.004000] console [tty1] enabled
[    0.004000] console [ttyS0] enabled
[    0.004000] ACPI: Core revision 20170831
[    0.004000] ACPI: 2 ACPI AML tables successfully acquired and loaded
[    0.004000] APIC: Switch to symmetric I/O mode setup
[    0.004000] x2apic enabled
[    0.004000] Switched APIC routing to physical x2apic.
[    0.004000] ..TIMER: vector=0x30 apic1=0 pin1=2 apic2=-1 pin2=-1
[    0.004000] tsc: Detected 3591.680 MHz processor
[    0.004011] Calibrating delay loop (skipped) preset value.. 7183.36 BogoMIPS (lpj=14366720)
[    0.004992] pid_max: default: 32768 minimum: 301
[    0.005580] Security Framework initialized
[    0.006082] Yama: becoming mindful.
[    0.006526] AppArmor: AppArmor initialized
[    0.008671] Dentry cache hash table entries: 524288 (order: 10, 4194304 bytes)
[    0.010311] Inode-cache hash table entries: 262144 (order: 9, 2097152 bytes)
[    0.011170] Mount-cache hash table entries: 8192 (order: 4, 65536 bytes)
[    0.011915] Mountpoint-cache hash table entries: 8192 (order: 4, 65536 bytes)
[    0.012205] Last level iTLB entries: 4KB 1024, 2MB 1024, 4MB 1024
[    0.012955] Last level dTLB entries: 4KB 1024, 2MB 1024, 4MB 1024, 1GB 4
[    0.013707] Spectre V1 : Mitigation: usercopy/swapgs barriers and __user pointer sanitization
[    0.014661] Spectre V2 : Mitigation: Retpolines
[    0.015237] Spectre V2 : Spectre v2 / SpectreRSB mitigation: Filling RSB on context switch
[    0.016001] Spectre V2 : Spectre v2 / SpectreRSB : Filling RSB on VMEXIT
[    0.016855] Speculative Store Bypass: Vulnerable
[    0.017474] MDS: Mitigation: Clear CPU buffers
[    0.017999] MMIO Stale Data: Unknown: No mitigations
[    0.018632] SRBDS: Unknown: Dependent on hypervisor status
[    0.020167] Freeing SMP alternatives memory: 36K
[    0.130131] smpboot: CPU0: Intel(R) Core(TM) i7-4790 CPU @ 3.60GHz (family: 0x6, model: 0x3c, stepping: 0x3)
[    0.131571] Performance Events: unsupported p6 CPU model 60 no PMU driver, software events only.
[    0.132000] Hierarchical SRCU implementation.
[    0.132000] NMI watchdog: Perf event create on CPU 0 failed with -2
[    0.132002] NMI watchdog: Perf NMI watchdog permanently disabled
[    0.132994] smp: Bringing up secondary CPUs ...
[    0.134298] x86: Booting SMP configuration:
[    0.134977] .... node  #0, CPUs:      #1
[    0.004000] kvm-clock: cpu 1, msr 1:1ff50041, secondary cpu clock
[    0.139374] smp: Brought up 1 node, 2 CPUs
[    0.139374] smpboot: Max logical packages: 1
[    0.140005] smpboot: Total of 2 processors activated (14366.72 BogoMIPS)
[    0.141064] devtmpfs: initialized
[    0.141287] x86/mm: Memory block size: 128MB
[    0.142867] evm: security.selinux
[    0.144003] evm: security.SMACK64
[    0.144432] evm: security.SMACK64EXEC
[    0.144878] evm: security.SMACK64TRANSMUTE
[    0.145391] evm: security.SMACK64MMAP
[    0.145948] evm: security.apparmor
[    0.148003] evm: security.ima
[    0.148377] evm: security.capability
[    0.148842] clocksource: jiffies: mask: 0xffffffff max_cycles: 0xffffffff, max_idle_ns: 7645041785100000 ns
[    0.149124] futex hash table entries: 512 (order: 3, 32768 bytes)
[    0.149868] pinctrl core: initialized pinctrl subsystem
[    0.150584] RTC time: 15:39:46, date: 06/15/23
[    0.152118] NET: Registered protocol family 16
[    0.152758] audit: initializing netlink subsys (disabled)
[    0.153437] audit: type=2000 audit(1686843590.722:1): state=initialized audit_enabled=0 res=1
[    0.153437] cpuidle: using governor ladder
[    0.153437] cpuidle: using governor menu
[    0.153437] ACPI: bus type PCI registered
[    0.156004] acpiphp: ACPI Hot Plug PCI Controller Driver version: 0.5
[    0.156889] PCI: Using configuration type 1 for base access
[    0.157610] HugeTLB registered 2.00 MiB page size, pre-allocated 0 pages
[    0.160050] ACPI: Added _OSI(Module Device)
[    0.160583] ACPI: Added _OSI(Processor Device)
[    0.161205] ACPI: Added _OSI(3.0 _SCP Extensions)
[    0.161791] ACPI: Added _OSI(Processor Aggregator Device)
[    0.162422] ACPI: Added _OSI(Linux-Dell-Video)
[    0.162974] ACPI: Added _OSI(Linux-Lenovo-NV-HDMI-Audio)
[    0.163605] ACPI: Added _OSI(Linux-HPI-Hybrid-Graphics)
[    0.164197] ACPI: Executed 1 blocks of module-level executable AML code
[    0.167538] ACPI: Interpreter enabled
[    0.168011] ACPI: (supports S0 S5)
[    0.168471] ACPI: Using IOAPIC for interrupt routing
[    0.169247] PCI: Using host bridge windows from ACPI; if necessary, use "pci=nocrs" and report a bug
[    0.170839] ACPI: Enabled 2 GPEs in block 00 to 07
[    0.175737] ACPI: PCI Root Bridge [PCI0] (domain 0000 [bus 00-ff])
[    0.176006] acpi PNP0A03:00: _OSC: OS supports [ASPM ClockPM Segments MSI]
[    0.177182] acpi PNP0A03:00: _OSC: not requesting OS control; OS requires [ExtendedConfig ASPM ClockPM MSI]
[    0.178312] acpi PNP0A03:00: fail to add MMCONFIG information, can't access extended PCI configuration space under this bridge.
[    0.180259] PCI host bridge to bus 0000:00
[    0.180830] pci_bus 0000:00: root bus resource [io  0x0000-0x0cf7 window]
[    0.181628] pci_bus 0000:00: root bus resource [io  0x0d00-0xffff window]
[    0.182406] pci_bus 0000:00: root bus resource [mem 0x000a0000-0x000bffff window]
[    0.183310] pci_bus 0000:00: root bus resource [mem 0xe0000000-0xfdffffff window]
[    0.184002] pci_bus 0000:00: root bus resource [bus 00-ff]
[    0.185885] pci 0000:00:01.1: legacy IDE quirk: reg 0x10: [io  0x01f0-0x01f7]
[    0.186798] pci 0000:00:01.1: legacy IDE quirk: reg 0x14: [io  0x03f6]
[    0.188002] pci 0000:00:01.1: legacy IDE quirk: reg 0x18: [io  0x0170-0x0177]
[    0.188813] pci 0000:00:01.1: legacy IDE quirk: reg 0x1c: [io  0x0376]
[    0.236468] pci 0000:00:07.0: quirk: [io  0x4000-0x403f] claimed by PIIX4 ACPI
[    0.238711] pci 0000:00:07.0: quirk: [io  0x4100-0x410f] claimed by PIIX4 SMB
[    0.257309] ACPI: PCI Interrupt Link [LNKA] (IRQs 5 9 10 *11)
[    0.258299] ACPI: PCI Interrupt Link [LNKB] (IRQs 5 9 *10 11)
[    0.259080] ACPI: PCI Interrupt Link [LNKC] (IRQs 5 *9 10 11)
[    0.260078] ACPI: PCI Interrupt Link [LNKD] (IRQs 5 9 10 *11)
[    0.261393] SCSI subsystem initialized
[    0.261929] pci 0000:00:02.0: vgaarb: setting as boot VGA device
[    0.261929] pci 0000:00:02.0: vgaarb: VGA device added: decodes=io+mem,owns=io+mem,locks=none
[    0.264010] pci 0000:00:02.0: vgaarb: bridge control possible
[    0.264672] vgaarb: loaded
[    0.265091] ACPI: bus type USB registered
[    0.265618] usbcore: registered new interface driver usbfs
[    0.266265] usbcore: registered new interface driver hub
[    0.266908] usbcore: registered new device driver usb
[    0.268029] EDAC MC: Ver: 3.0.0
[    0.268588] PCI: Using ACPI for IRQ routing
[    0.268738] NetLabel: Initializing
[    0.269164] NetLabel:  domain hash size = 128
[    0.269698] NetLabel:  protocols = UNLABELED CIPSOv4 CALIPSO
[    0.270330] NetLabel:  unlabeled traffic allowed by default
[    0.270975] clocksource: Switched to clocksource kvm-clock
[    0.277618] VFS: Disk quotas dquot_6.6.0
[    0.278177] VFS: Dquot-cache hash table entries: 512 (order 0, 4096 bytes)
[    0.279005] AppArmor: AppArmor Filesystem Enabled
[    0.279735] pnp: PnP ACPI init
[    0.280881] pnp: PnP ACPI: found 3 devices
[    0.288883] clocksource: acpi_pm: mask: 0xffffff max_cycles: 0xffffff, max_idle_ns: 2085701024 ns
[    0.290234] NET: Registered protocol family 2
[    0.290811] IP idents hash table entries: 65536 (order: 7, 524288 bytes)
[    0.292014] TCP established hash table entries: 32768 (order: 6, 262144 bytes)
[    0.292933] TCP bind hash table entries: 32768 (order: 7, 524288 bytes)
[    0.294266] TCP: Hash tables configured (established 32768 bind 32768)
[    0.295056] UDP hash table entries: 2048 (order: 4, 65536 bytes)
[    0.295776] UDP-Lite hash table entries: 2048 (order: 4, 65536 bytes)
[    0.296565] NET: Registered protocol family 1
[    0.297137] pci 0000:00:00.0: Limiting direct PCI/PCI transfers
[    0.298718] pci 0000:00:01.0: Activating ISA DMA hang workarounds
[    0.300515] pci 0000:00:02.0: Video device with shadowed ROM at [mem 0x000c0000-0x000dffff]
[    0.301792] Unpacking initramfs...
[    0.506283] Freeing initrd memory: 19532K
[    0.506932] PCI-DMA: Using software bounce buffering for IO (SWIOTLB)
[    0.507674] software IO TLB: mapped [mem 0xdbff0000-0xdfff0000] (64MB)
[    0.508617] clocksource: tsc: mask: 0xffffffffffffffff max_cycles: 0x33c5a00cda5, max_idle_ns: 440795322483 ns
[    0.509846] platform rtc_cmos: registered platform RTC device (no PNP device found)
[    0.510757] Scanning for low memory corruption every 60 seconds
[    0.511939] Initialise system trusted keyrings
[    0.512544] Key type blacklist registered
[    0.513121] workingset: timestamp_bits=36 max_order=20 bucket_order=0
[    0.514962] zbud: loaded
[    0.515711] squashfs: version 4.0 (2009/01/31) Phillip Lougher
[    0.516567] fuse init (API version 7.26)
[    0.518430] Key type asymmetric registered
[    0.519029] Asymmetric key parser 'x509' registered
[    0.519605] Block layer SCSI generic (bsg) driver version 0.4 loaded (major 246)
[    0.520507] io scheduler noop registered
[    0.521024] io scheduler deadline registered
[    0.521575] io scheduler cfq registered (default)
[    0.522345] ACPI: AC Adapter [AC] (on-line)
[    0.522895] input: Power Button as /devices/LNXSYSTM:00/LNXPWRBN:00/input/input0
[    0.523943] ACPI: Power Button [PWRF]
[    0.524466] input: Sleep Button as /devices/LNXSYSTM:00/LNXSLPBN:00/input/input1
[    0.525356] ACPI: Sleep Button [SLPF]
[    0.526064] Serial: 8250/16550 driver, 32 ports, IRQ sharing enabled
[    0.547293] 00:02: ttyS0 at I/O 0x3f8 (irq = 4, base_baud = 115200) is a 16550A
[    0.550228] Linux agpgart interface v0.103
[    0.552215] loop: module loaded
[    0.553041] scsi host0: ata_piix
[    0.553720] scsi host1: ata_piix
[    0.554354] ata1: PATA max UDMA/33 cmd 0x1f0 ctl 0x3f6 bmdma 0xd000 irq 14
[    0.555277] ata2: PATA max UDMA/33 cmd 0x170 ctl 0x376 bmdma 0xd008 irq 15
[    0.556178] tun: Universal TUN/TAP device driver, 1.6
[    0.557052] PPP generic driver version 2.4.2
[    0.557754] ehci_hcd: USB 2.0 'Enhanced' Host Controller (EHCI) Driver
[    0.558584] ehci-pci: EHCI PCI platform driver
[    0.559142] ehci-platform: EHCI generic platform driver
[    0.559744] ohci_hcd: USB 1.1 'Open' Host Controller (OHCI) Driver
[    0.560569] ohci-pci: OHCI PCI platform driver
[    0.561139] ohci-platform: OHCI generic platform driver
[    0.561806] uhci_hcd: USB Universal Host Controller Interface driver
[    0.562596] i8042: PNP: PS/2 Controller [PNP0303:PS2K,PNP0f03:PS2M] at 0x60,0x64 irq 1,12
[    0.563946] serio: i8042 KBD port at 0x60,0x64 irq 1
[    0.564634] serio: i8042 AUX port at 0x60,0x64 irq 12
[    0.565409] mousedev: PS/2 mouse device common for all mice
[    0.566510] input: AT Translated Set 2 keyboard as /devices/platform/i8042/serio0/input/input2
[    0.567643] rtc_cmos rtc_cmos: rtc core: registered rtc_cmos as rtc0
[    0.568489] rtc_cmos rtc_cmos: alarms up to one day, 114 bytes nvram
[    0.569331] i2c /dev entries driver
[    0.569842] device-mapper: uevent: version 1.0.3
[    0.570532] device-mapper: ioctl: 4.37.0-ioctl (2017-09-20) initialised: dm-devel@redhat.com
[    0.571589] ledtrig-cpu: registered to indicate activity on CPUs
[    0.572636] NET: Registered protocol family 10
[    0.576046] Segment Routing with IPv6
[    0.576586] NET: Registered protocol family 17
[    0.577197] Key type dns_resolver registered
[    0.577896] mce: Using 0 MCE banks
[    0.578425] RAS: Correctable Errors collector initialized.
[    0.579298] sched_clock: Marking stable (577877639, 0)->(747967615, -170089976)
[    0.580563] registered taskstats version 1
[    0.581123] Loading compiled-in X.509 certificates
[    0.583416] Loaded X.509 cert 'Build time autogenerated kernel key: 4d405f87ce750406625b929cd2e51cc76ab5bcf4'
[    0.585079] Loaded X.509 cert 'Canonical Ltd. Live Patch Signing: 14df34d1a87cf37625abec039ef2bf521249b969'
[    0.586659] Loaded X.509 cert 'Canonical Ltd. Kernel Module Signing: 88f752e560a1e0737e31163a466ad7b70a850c19'
[    0.587835] blacklist: Loading compiled-in revocation X.509 certificates
[    0.588778] Loaded X.509 cert 'Canonical Ltd. Secure Boot Signing: 61482aa2830d0ab2ad5af10b7250da9033ddcef0'
[    0.589964] Loaded X.509 cert 'Canonical Ltd. Secure Boot Signing (2017): 242ade75ac4a15e50d50c84b0d45ff3eae707a03'
[    0.591223] Loaded X.509 cert 'Canonical Ltd. Secure Boot Signing (ESM 2018): 365188c1d374d6b07c3c8f240f8ef722433d6a8b'
[    0.592498] Loaded X.509 cert 'Canonical Ltd. Secure Boot Signing (2019): c0746fd6c5da3ae827864651ad66ae47fe24b3e8'
[    0.593874] Loaded X.509 cert 'Canonical Ltd. Secure Boot Signing (2021 v1): a8d54bbb3825cfb94fa13c9f8a594a195c107b8d'
[    0.595109] Loaded X.509 cert 'Canonical Ltd. Secure Boot Signing (2021 v2): 4cf046892d6fd3c9a5b03f98d845f90851dc6a8c'
[    0.596331] Loaded X.509 cert 'Canonical Ltd. Secure Boot Signing (2021 v3): 100437bb6de6e469b581e61cd66bce3ef4ed53af'
[    0.597571] Loaded X.509 cert 'Canonical Ltd. Secure Boot Signing (Ubuntu Core 2019): c1d57b8f6b743f23ee41f4f7ee292f06eecadfb9'
[    0.598935] zswap: loaded using pool lzo/zbud
[    0.602011] Key type big_key registered
[    0.602520] Key type trusted registered
[    0.604073] Key type encrypted registered
[    0.604600] AppArmor: AppArmor sha1 policy hashing enabled
[    0.605463] ima: No TPM chip found, activating TPM-bypass! (rc=-19)
[    0.606197] ima: Allocated hash algorithm: sha1
[    0.606758] evm: HMAC attrs: 0x1
[    0.607326]   Magic number: 11:849:689
[    0.607923] rtc_cmos rtc_cmos: setting system clock to 2023-06-15 15:39:46 UTC (1686843586)
[    0.609175] BIOS EDD facility v0.16 2004-Jun-25, 0 devices found
[    0.609882] EDD information not available.
[    0.740979] Freeing unused kernel image memory: 2480K
[    1.033421] Write protecting the kernel read-only data: 20480k
[    1.034698] Freeing unused kernel image memory: 2008K
[    1.035572] Freeing unused kernel image memory: 1820K
[    1.041774] x86/mm: Checked W+X mappings: passed, no W+X pages found.
[    1.042615] x86/mm: Checking user space page tables
[    1.047822] x86/mm: Checked W+X mappings: passed, no W+X pages found.
Loading, please wait...
starting version 237
[    1.102593] Fusion MPT base driver 3.04.20
[    1.103333] Copyright (c) 1999-2008 LSI Corporation
[    1.105192] e1000: Intel(R) PRO/1000 Network Driver - version 7.3.21-k8-NAPI
[    1.106576] e1000: Copyright (c) 1999-2006 Intel Corporation.
[    1.113316] Fusion MPT SPI Host driver 3.04.20
[    1.118006] AVX2 version of gcm_enc/dec engaged.
[    1.118682] AES CTR mode by8 optimization enabled
[    1.301962] input: ImExPS/2 Generic Explorer Mouse as /devices/platform/i8042/serio1/input/input4
[    1.532909] e1000 0000:00:03.0 eth0: (PCI:33MHz:32-bit) 02:68:0a:01:d2:87
[    1.534072] e1000 0000:00:03.0 eth0: Intel(R) PRO/1000 Network Connection
[    1.536851] e1000 0000:00:03.0 enp0s3: renamed from eth0
[    1.537853] mptbase: ioc0: Initiating bringup
[    1.632353] ioc0: LSI53C1030 A0: Capabilities={Initiator}
[    1.873110] scsi host2: ioc0: LSI53C1030 A0, FwRev=00000000h, Ports=1, MaxQ=256, IRQ=20
[    2.040539] scsi 2:0:0:0: Direct-Access     VBOX     HARDDISK         1.0  PQ: 0 ANSI: 5
[    2.072111] scsi target2:0:0: Beginning Domain Validation
[    2.074486] scsi target2:0:0: Domain Validation skipping write tests
[    2.075431] scsi target2:0:0: Ending Domain Validation
[    2.076330] scsi target2:0:0: asynchronous
[    2.077315] scsi 2:0:1:0: Direct-Access     VBOX     HARDDISK         1.0  PQ: 0 ANSI: 5
[    2.108045] scsi target2:0:1: Beginning Domain Validation
[    2.109621] scsi target2:0:1: Domain Validation skipping write tests
[    2.110422] scsi target2:0:1: Ending Domain Validation
[    2.111093] scsi target2:0:1: asynchronous
[    2.114400] sd 2:0:0:0: [sda] 83886080 512-byte logical blocks: (42.9 GB/40.0 GiB)
[    2.114413] sd 2:0:0:0: Attached scsi generic sg0 type 0
[    2.115413] sd 2:0:0:0: [sda] Write Protect is off
[    2.116592] sd 2:0:1:0: Attached scsi generic sg1 type 0
[    2.117497] sd 2:0:0:0: [sda] Incomplete mode parameter data
[    2.118294] sd 2:0:0:0: [sda] Assuming drive cache: write through
[    2.118330] sd 2:0:1:0: [sdb] 20480 512-byte logical blocks: (10.5 MB/10.0 MiB)
[    2.120197] sd 2:0:1:0: [sdb] Write Protect is off
[    2.120505]  sda: sda1
[    2.121347] sd 2:0:1:0: [sdb] Incomplete mode parameter data
[    2.121753] sd 2:0:0:0: [sda] Attached SCSI disk
[    2.123073] sd 2:0:1:0: [sdb] Assuming drive cache: write through
[    2.127550] sd 2:0:1:0: [sdb] Attached SCSI disk
Begin: Loading essential drivers ... [    3.481499] raid6: sse2x1   gen() 13460 MB/s
[    3.529276] raid6: sse2x1   xor()  9344 MB/s
[    3.588876] raid6: sse2x2   gen() 19907 MB/s
[    3.648321] raid6: sse2x2   xor() 12719 MB/s
[    3.709612] raid6: sse2x4   gen() 22625 MB/s
[    3.768985] raid6: sse2x4   xor() 14373 MB/s
[    3.824688] raid6: avx2x1   gen() 30190 MB/s
[    3.872231] raid6: avx2x1   xor() 16557 MB/s
[    3.924674] raid6: avx2x2   gen() 31806 MB/s
[    3.983983] raid6: avx2x2   xor() 22859 MB/s
[    4.032250] raid6: avx2x4   gen() 32738 MB/s
[    4.088740] raid6: avx2x4   xor() 24907 MB/s
[    4.089422] raid6: using algorithm avx2x4 gen() 32738 MB/s
[    4.090126] raid6: .... xor() 24907 MB/s, rmw enabled
[    4.090832] raid6: using avx2x2 recovery algorithm
[    4.092777] xor: automatically using best checksumming function   avx       
[    4.094742] async_tx: api initialized (async)
done.
Begin: Running /scripts/init-premount ... done.
Begin: Mounting root file system ... Begin: Running /scripts/local-top ... done.
Begin: Running /scripts/local-premount ... [    4.131464] Btrfs loaded, crc32c=crc32c-intel
Scanning for Btrfs filesystems
done.
Warning: fsck not present, so skipping root file system
[    4.154214] EXT4-fs (sda1): mounted filesystem with ordered data mode. Opts: (null)
done.
Begin: Running /scripts/local-bottom ... done.
Begin: Running /scripts/init-bottom ... done.
[    4.299118] ip_tables: (C) 2000-2006 Netfilter Core Team
[    4.307431] systemd[1]: systemd 237 running in system mode. (+PAM +AUDIT +SELINUX +IMA +APPARMOR +SMACK +SYSVINIT +UTMP +LIBCRYPTSETUP +GCRYPT +GNUTLS +ACL +XZ +LZ4 +SECCOMP +BLKID +ELFUTILS +KMOD -IDN2 +IDN -PCRE2 default-hierarchy=hybrid)
[    4.310686] systemd[1]: Detected virtualization oracle.
[    4.311491] systemd[1]: Detected architecture x86-64.

Welcome to [1mUbuntu 18.04.6 LTS[0m!

[    4.316574] systemd[1]: Set hostname to <ubuntu>.
[    4.318842] systemd[1]: Initializing machine ID from random generator.
[    4.319989] systemd[1]: Installed transient /etc/machine-id file.
[    4.541482] systemd[1]: Created slice User and Session Slice.
[[0;32m  OK  [0m] Created slice User and Session Slice.
[    4.543148] systemd[1]: Reached target Swap.
[[0;32m  OK  [0m] Reached target Swap.
[    4.544364] systemd[1]: Started Forward Password Requests to Wall Directory Watch.
[[0;32m  OK  [0m] Started Forward Password Requests to Wall Directory Watch.
[    4.546272] systemd[1]: Reached target System Time Synchronized.
[[0;32m  OK  [0m] Reached target System Time Synchronized.
[[0;32m  OK  [0m] Created slice System Slice.
[[0;32m  OK  [0m] Listening on /dev/initctl Compatibility Named Pipe.
[[0;32m  OK  [0m] Listening on LVM2 metadata daemon socket.
[[0;32m  OK  [0m] Listening on Journal Audit Socket.
[[0;32m  OK  [0m] Listening on fsck to fsckd communication Socket.
[[0;32m  OK  [0m] Created slice system-serial\x2dgetty.slice.
[[0;32m  OK  [0m] Listening on Device-mapper event daemon FIFOs.
[[0;32m  OK  [0m] Reached target Slices.
[[0;32m  OK  [0m] Listening on udev Control Socket.
[[0;32m  OK  [0m] Listening on Network Service Netlink Socket.
[[0;32m  OK  [0m] Listening on Journal Socket.
         Mounting Kernel Debug File System...
         Starting Load Kernel Modules...
         Starting Set the console keyboard layout...
         Starting File System Check on Root Device...
         Starting Create list of required st…ce nodes for the current kernel...
         Mounting Huge Pages File System...
         Starting Uncomplicated firewall...
[[0;32m  OK  [0m] Listening on LVM2 poll daemon socket.
[[0;32m  OK  [0m] Listening on udev Kernel Socket.
         Starting udev Coldplug all Devices...
         Starting Monitoring of LVM2 mirrors…ng dmeventd or progress polling...
         Mounting POSIX Message Queue File System...
[[0;32m  OK  [0m] Listening on Journal Socket (/dev/log).
[[0;32m  OK  [0m] Set up automount Arbitrary Executab…rmats File System Automount Point.
[    4.578728] Loading iSCSI transport class v2.0-870.
[[0;32m  OK  [0m] Reached target Mounting snaps.
[[0;32m  OK  [0m] Reached target Mounted snaps.
[[0;32m  OK  [0m] Reached target User and Group Name Lookups.
[[0;32m  OK  [0m] Listening on Syslog Socket.
[    4.652386] iscsi: registered transport (tcp)
         Starting Journal Service...
[[0;32m  OK  [0m] Mounted Kernel Debug File System.
[[0;32m  OK  [0m] Started Create list of required sta…vice nodes for the current kernel.
[[0;32m  OK  [0m] Mounted Huge Pages File System.
[[0;32m  OK  [0m] Started Uncomplicated firewall.
[[0;32m  OK  [0m] Mounted POSIX Message Queue File System.
[[0;32m  OK  [0m] Started LVM2 metadata daemon.
[[0;32m  OK  [0m] Started File System Check Daemon to report status.
         Starting Create Static Device Nodes in /dev...
[[0;32m  OK  [0m] Started File System Check on Root Device.
         Starting Remount Root and Kernel File Systems...
[[0;32m  OK  [0m] Started Journal Service.
[[0;32m  OK  [0m] Started udev Coldplug all Devices.
[[0;32m  OK  [0m] Started Create Static Device Nodes in /dev.
[    4.749318] iscsi: registered transport (iser)
[[0;32m  OK  [0m] Started Load Kernel Modules.
         Mounting Kernel Configuration File System...
         Mounting FUSE Control File System...
         Starting Apply Kernel Variables...
[[0;32m  OK  [0m] Mounted Kernel Configuration File System.
[[0;32m  OK  [0m] Mounted FUSE Control File System.
[    4.781011] EXT4-fs (sda1): re-mounted. Opts: (null)
[[0;32m  OK  [0m] Started Remount Root and Kernel File Systems.
         Starting Flush Journal to Persistent Storage...
         Starting udev Kernel Device Manager...
         Starting Load/Save Random Seed...
[[0;32m  OK  [0m] Started Monitoring of LVM2 mirrors,…sing dmeventd or progress polling.
[    4.801401] systemd-journald[418]: Received request to flush runtime journal from PID 1
[[0;32m  OK  [0m] Started Load/Save Random Seed.
[[0;32m  OK  [0m] Started Apply Kernel Variables.
[[0;32m  OK  [0m] Started Flush Journal to Persistent Storage.
[[0;32m  OK  [0m] Started udev Kernel Device Manager.
[[0;32m  OK  [0m] Found device /dev/ttyS0.
[[0;32m  OK  [0m] Listening on Load/Save RF Kill Switch Status /dev/rfkill Watch.
         Mounting Arbitrary Executable File Formats File System...
[[0;32m  OK  [0m] Mounted Arbitrary Executable File Formats File System.
[[0;32m  OK  [0m] Started Set the console keyboard layout.
[[0;32m  OK  [0m] Reached target Local File Systems (Pre).
[[0;32m  OK  [0m] Reached target Local File Systems.
         Starting AppArmor initialization...
         Starting Commit a transient machine-id on disk...
         Starting Set console font and keymap...
         Starting Create Volatile Files and Directories...
         Starting Tell Plymouth To Write Out Runtime Data...
         Starting ebtables ruleset management...
[[0;32m  OK  [0m] Started Dispatch Password Requests to Console Directory Watch.
[[0;32m  OK  [0m] Reached target Local Encrypted Volumes.
[[0;32m  OK  [0m] Started Tell Plymouth To Write Out Runtime Data.
[[0;32m  OK  [0m] Started Set console font and keymap.
[[0;32m  OK  [0m] Started Create Volatile Files and Directories.
         Starting Update UTMP about System Boot/Shutdown...
[[0;32m  OK  [0m] Started Update UTMP about System Boot/Shutdown.
[[0;32m  OK  [0m] Started ebtables ruleset management.
[[0;32m  OK  [0m] Started Commit a transient machine-id on disk.
[[0;32m  OK  [0m] Started AppArmor initialization.
         Starting Initial cloud-init job (pre-networking)...
         Starting Load AppArmor profiles managed internally by snapd...
[[0;32m  OK  [0m] Started Load AppArmor profiles managed internally by snapd.
[    7.161310] cloud-init[702]: Cloud-init v. 23.1.1-0ubuntu0~18.04.1 running 'init-local' at Thu, 15 Jun 2023 15:39:52 +0000. Up 6.90 seconds.
[[0;32m  OK  [0m] Started Initial cloud-init job (pre-networking).
[[0;32m  OK  [0m] Reached target Network (Pre).
         Starting Network Service...
[[0;32m  OK  [0m] Started Network Service.
         Starting Wait for Network to be Configured...
         Starting Network Name Resolution...
[[0;32m  OK  [0m] Started Network Name Resolution.
[[0;32m  OK  [0m] Reached target Host and Network Name Lookups.
[[0;32m  OK  [0m] Reached target Network.
[[0;32m  OK  [0m] Started Wait for Network to be Configured.
         Starting Initial cloud-init job (metadata service crawler)...
[    9.562924] cloud-init[819]: Cloud-init v. 23.1.1-0ubuntu0~18.04.1 running 'init' at Thu, 15 Jun 2023 15:39:55 +0000. Up 9.44 seconds.
[    9.564092] cloud-init[819]: ci-info: +++++++++++++++++++++++++++++++++++++Net device info++++++++++++++++++++++++++++++++++++++
[    9.565371] cloud-init[819]: ci-info: +--------+------+---------------------------+---------------+--------+-------------------+
[    9.566466] cloud-init[819]: ci-info: | Device |  Up  |          Address          |      Mask     | Scope  |     Hw-Address    |
[    9.567706] cloud-init[819]: ci-info: +--------+------+---------------------------+---------------+--------+-------------------+
[    9.568902] cloud-init[819]: ci-info: | enp0s3 | True |         10.0.2.15         | 255.255.255.0 | global | 02:68:0a:01:d2:87 |
[    9.570401] cloud-init[819]: ci-info: | enp0s3 | True | fe80::68:aff:fe01:d287/64 |       .       |  link  | 02:68:0a:01:d2:87 |
[    9.571516] cloud-init[819]: ci-info: |   lo   | True |         127.0.0.1         |   255.0.0.0   |  host  |         .         |
[    9.572674] cloud-init[819]: ci-info: |   lo   | True |          ::1/128          |       .       |  host  |         .         |
[    9.573902] cloud-init[819]: ci-info: +--------+------+---------------------------+---------------+--------+-------------------+
[    9.575066] cloud-init[819]: ci-info: ++++++++++++++++++++++++++++Route IPv4 info+++++++++++++++++++++++++++++
[    9.576152] cloud-init[819]: ci-info: +-------+-------------+----------+-----------------+-----------+-------+
[    9.577205] cloud-init[819]: ci-info: | Route | Destination | Gateway  |     Genmask     | Interface | Flags |
[    9.578231] cloud-init[819]: ci-info: +-------+-------------+----------+-----------------+-----------+-------+
[    9.579225] cloud-init[819]: ci-info: |   0   |   0.0.0.0   | 10.0.2.2 |     0.0.0.0     |   enp0s3  |   UG  |
[    9.580344] cloud-init[819]: ci-info: |   1   |   10.0.2.0  | 0.0.0.0  |  255.255.255.0  |   enp0s3  |   U   |
[    9.581483] cloud-init[819]: ci-info: |   2   |   10.0.2.2  | 0.0.0.0  | 255.255.255.255 |   enp0s3  |   UH  |
[    9.582532] cloud-init[819]: ci-info: +-------+-------------+----------+-----------------+-----------+-------+
[    9.583549] cloud-init[819]: ci-info: +++++++++++++++++++Route IPv6 info+++++++++++++++++++
[    9.584551] cloud-init[819]: ci-info: +-------+-------------+---------+-----------+-------+
[    9.585550] cloud-init[819]: ci-info: | Route | Destination | Gateway | Interface | Flags |
[    9.586368] cloud-init[819]: ci-info: +-------+-------------+---------+-----------+-------+
[    9.587244] cloud-init[819]: ci-info: |   1   |  fe80::/64  |    ::   |   enp0s3  |   U   |
[    9.588130] cloud-init[819]: ci-info: |   3   |    local    |    ::   |   enp0s3  |   U   |
[    9.588987] cloud-init[819]: ci-info: |   4   |   ff00::/8  |    ::   |   enp0s3  |   U   |
[    9.589829] cloud-init[819]: ci-info: +-------+-------------+---------+-----------+-------+
[   10.195909] cloud-init[819]: Generating public/private rsa key pair.
[   10.196537] cloud-init[819]: Your identification has been saved in /etc/ssh/ssh_host_rsa_key.
[   10.197233] cloud-init[819]: Your public key has been saved in /etc/ssh/ssh_host_rsa_key.pub.
[   10.197821] cloud-init[819]: The key fingerprint is:
[   10.198258] cloud-init[819]: SHA256:5r9MehEDRsLDcJlyel7VZLiRGGXsckyWj+AXWSmmYBQ root@ubuntu-bionic
[   10.198973] cloud-init[819]: The key's randomart image is:
[   10.199449] cloud-init[819]: +---[RSA 2048]----+
[   10.199860] cloud-init[819]: |    .=E=o=oO+.   |
[   10.200247] cloud-init[819]: |    ..X.=.#.o    |
[   10.200618] cloud-init[819]: |     = = @ B     |
[   10.201020] cloud-init[819]: |    . . = X .    |
[   10.201483] cloud-init[819]: |     o .S+ o     |
[   10.201988] cloud-init[819]: |      .o  .      |
[   10.202415] cloud-init[819]: |        . ..     |
[   10.202815] cloud-init[819]: |         =.      |
[   10.203224] cloud-init[819]: |        ..+.     |
[   10.203650] cloud-init[819]: +----[SHA256]-----+
[   10.204123] cloud-init[819]: Generating public/private dsa key pair.
[   10.204645] cloud-init[819]: Your identification has been saved in /etc/ssh/ssh_host_dsa_key.
[   10.205348] cloud-init[819]: Your public key has been saved in /etc/ssh/ssh_host_dsa_key.pub.
[   10.206052] cloud-init[819]: The key fingerprint is:
[   10.206491] cloud-init[819]: SHA256:aSVcSejrqtw174qblCqua0yiGvDETfYQGYaya0L3h20 root@ubuntu-bionic
[   10.207206] cloud-init[819]: The key's randomart image is:
[   10.207682] cloud-init[819]: +---[DSA 1024]----+
[   10.208186] cloud-init[819]: |   .+o   oo.     |
[   10.208684] cloud-init[819]: |. .... ....      |
[   10.209079] cloud-init[819]: | o  +  .o .      |
[   10.209525] cloud-init[819]: |.o = o  .+       |
[   10.209958] cloud-init[819]: |o.+ o + S.       |
[   10.210361] cloud-init[819]: |==   o E.        |
[   10.210768] cloud-init[819]: |O .   =.o        |
[   10.211290] cloud-init[819]: |.+.. + +.o       |
[   10.211683] cloud-init[819]: |*+..+.*o.oo      |
[   10.212125] cloud-init[819]: +----[SHA256]-----+
[   10.212479] cloud-init[819]: Generating public/private ecdsa key pair.
[   10.213079] cloud-init[819]: Your identification has been saved in /etc/ssh/ssh_host_ecdsa_key.
[   10.213884] cloud-init[819]: Your public key has been saved in /etc/ssh/ssh_host_ecdsa_key.pub.
[   10.214648] cloud-init[819]: The key fingerprint is:
[   10.215077] cloud-init[819]: SHA256:8ErTQhfiKJh3/Z77ZW4gGYHx7ECfgBu1zp5WlL05jY4 root@ubuntu-bionic
[   10.215823] cloud-init[819]: The key's randomart image is:
[   10.216355] cloud-init[819]: +---[ECDSA 256]---+
[   10.216651] cloud-init[819]: |     o*o.        |
[   10.217057] cloud-init[819]: | o  o=.B.=       |
[   10.217504] cloud-init[819]: |o o ooB O..      |
[   10.217919] cloud-init[819]: | . o.+ X.  =     |
[   10.218345] cloud-init[819]: |      * So= .    |
[   10.218775] cloud-init[819]: |     o Bo+..     |
[   10.219298] cloud-init[819]: |      = E...o    |
[   10.219712] cloud-init[819]: |     .   . +.    |
[   10.220204] cloud-init[819]: |        .....    |
[   10.220704] cloud-init[819]: +----[SHA256]-----+
[   10.221212] cloud-init[819]: Generating public/private ed25519 key pair.
[   10.221769] cloud-init[819]: Your identification has been saved in /etc/ssh/ssh_host_ed25519_key.
[   10.222644] cloud-init[819]: Your public key has been saved in /etc/ssh/ssh_host_ed25519_key.pub.
[   10.223495] cloud-init[819]: The key fingerprint is:
[   10.223998] cloud-init[819]: SHA256:P7GWk1jPK2wKDGaPG2pmUxiuVq3FLlWRs2cxyUBhKYE root@ubuntu-bionic
[   10.224725] cloud-init[819]: The key's randomart image is:
[   10.225154] cloud-init[819]: +--[ED25519 256]--+
[   10.225586] cloud-init[819]: |    ..o=* .      |
[   10.226055] cloud-init[819]: |   E ..= =       |
[   10.226504] cloud-init[819]: |      . + o      |
[   10.227056] cloud-init[819]: |  .    o o       |
[   10.227484] cloud-init[819]: | . o* . S o      |
[   10.227910] cloud-init[819]: |  o+.X   + B     |
[   10.228327] cloud-init[819]: | ...B + ..O o    |
[   10.228772] cloud-init[819]: |..=+ + . .+o .   |
[   10.248495] cloud-init[819]: |.+..o   .o ..    |
[   10.249004] cloud-init[819]: +----[SHA256]-----+
[[0;32m  OK  [0m] Started Initial cloud-init job (metadata service crawler).
[[0;32m  OK  [0m] Reached target Cloud-config availability.
[[0;32m  OK  [0m] Reached target Network is Online.
         Starting Availability of block devices...
[[0;32m  OK  [0m] Reached target Remote File Systems (Pre).
[[0;32m  OK  [0m] Reached target Remote File Systems.
[[0;32m  OK  [0m] Reached target System Initialization.
[[0;32m  OK  [0m] Started Ubuntu Advantage Timer for running repeated jobs.
[[0;32m  OK  [0m] Listening on UUID daemon activation socket.
[[0;32m  OK  [0m] Listening on ACPID Listen Socket.
[[0;32m  OK  [0m] Started Daily apt download activities.
         Starting Socket activation for snappy daemon.
[[0;32m  OK  [0m] Started Daily Cleanup of Temporary Directories.
[[0;32m  OK  [0m] Started Discard unused blocks once a week.
[[0;32m  OK  [0m] Listening on Open-iSCSI iscsid Socket.
[[0;32m  OK  [0m] Started ACPI Events Check.
[[0;32m  OK  [0m] Started Message of the Day.
[[0;32m  OK  [0m] Started Daily apt upgrade and clean activities.
[[0;32m  OK  [0m] Reached target Timers.
[[0;32m  OK  [0m] Listening on cloud-init hotplug hook socket.
         Starting LXD - unix socket.
[[0;32m  OK  [0m] Reached target Paths.
[[0;32m  OK  [0m] Listening on D-Bus System Message Bus Socket.
[[0;32m  OK  [0m] Started Availability of block devices.
[[0;32m  OK  [0m] Listening on Socket activation for snappy daemon.
[[0;32m  OK  [0m] Listening on LXD - unix socket.
[[0;32m  OK  [0m] Reached target Sockets.
[[0;32m  OK  [0m] Reached target Basic System.
[[0;32m  OK  [0m] Started Deferred execution scheduler.
[[0;32m  OK  [0m] Started D-Bus System Message Bus.
         Starting Virtualbox guest utils...
         Starting LSB: automatic crash report generation...
         Starting LXD - container startup/shutdown...
         Starting LSB: Record successful boot for GRUB...
[[0;32m  OK  [0m] Started irqbalance daemon.
[[0;32m  OK  [0m] Started FUSE filesystem for LXC.
         Starting Accounts Service...
         Starting Dispatcher daemon for systemd-networkd...
         Starting Permit User Sessions...
[[0;32m  OK  [0m] Started Regular background program processing daemon.
         Starting Pollinate to seed the pseudo random number generator...
         Starting System Logging Service...
[[0;32m  OK  [0m] Reached target Login Prompts (Pre).
         Starting Login Service...
         Starting Snap Daemon...
[[0;32m  OK  [0m] Started System Logging Service.
[[0;32m  OK  [0m] Started Permit User Sessions.
         Starting Terminate Plymouth Boot Screen...
         Starting Hold until boot process finishes up...
         Starting Authorization Manager...
[[0;32m  OK  [0m] Started Hold until boot process finishes up.
         Starting Set console scheme...
[[0;32m  OK  [0m] Started Serial Getty on ttyS0.
[[0;32m  OK  [0m] Started Login Service.
[[0;32m  OK  [0m] Started Unattended Upgrades Shutdown.
[[0;32m  OK  [0m] Started Terminate Plymouth Boot Screen.
[[0;32m  OK  [0m] Started Set console scheme.
[[0;32m  OK  [0m] Created slice system-getty.slice.
[[0;32m  OK  [0m] Started Getty on tty1.
[[0;32m  OK  [0m] Reached target Login Prompts.
[[0;32m  OK  [0m] Started LSB: automatic crash report generation.
[[0;32m  OK  [0m] Started LSB: Record successful boot for GRUB.
[[0;32m  OK  [0m] Started Authorization Manager.
[[0;32m  OK  [0m] Started Accounts Service.
[[0;32m  OK  [0m] Started LXD - container startup/shutdown.
[[0;32m  OK  [0m] Started Virtualbox guest utils.
[[0;32m  OK  [0m] Started Dispatcher daemon for systemd-networkd.
[[0;32m  OK  [0m] Started Snap Daemon.
         Starting Wait until snapd is fully seeded...
[[0;32m  OK  [0m] Started Pollinate to seed the pseudo random number generator.
         Starting OpenBSD Secure Shell server...
[[0;32m  OK  [0m] Started OpenBSD Secure Shell server.
         Starting Time & Date Service...
[[0;32m  OK  [0m] Started Time & Date Service.
[[0;32m  OK  [0m] Created slice User Slice of vagrant.
         Starting User Manager for UID 1000...
[[0;32m  OK  [0m] Started Session 1 of user vagrant.
[[0;32m  OK  [0m] Started User Manager for UID 1000.
[[0;32m  OK  [0m] Started Wait until snapd is fully seeded.
         Starting Apply the settings specified in cloud-config...
[   14.710697] cloud-init[1545]: Cloud-init v. 23.1.1-0ubuntu0~18.04.1 running 'modules:config' at Thu, 15 Jun 2023 15:40:00 +0000. Up 14.41 seconds.
[[0;32m  OK  [0m] Started Apply the settings specified in cloud-config.
[[0;32m  OK  [0m] Reached target Multi-User System.
[[0;32m  OK  [0m] Reached target Graphical Interface.
         Starting Update UTMP about System Runlevel Changes...
         Starting Execute cloud user/final scripts...
[[0;32m  OK  [0m] Started Update UTMP about System Runlevel Changes.
ci-info: no authorized SSH keys fingerprints found for user ubuntu.
<14>Jun 15 15:40:01 cloud-init: #############################################################
<14>Jun 15 15:40:01 cloud-init: -----BEGIN SSH HOST KEY FINGERPRINTS-----
<14>Jun 15 15:40:01 cloud-init: 1024 SHA256:aSVcSejrqtw174qblCqua0yiGvDETfYQGYaya0L3h20 root@ubuntu-bionic (DSA)
<14>Jun 15 15:40:01 cloud-init: 256 SHA256:8ErTQhfiKJh3/Z77ZW4gGYHx7ECfgBu1zp5WlL05jY4 root@ubuntu-bionic (ECDSA)
<14>Jun 15 15:40:01 cloud-init: 256 SHA256:P7GWk1jPK2wKDGaPG2pmUxiuVq3FLlWRs2cxyUBhKYE root@ubuntu-bionic (ED25519)
<14>Jun 15 15:40:01 cloud-init: 2048 SHA256:5r9MehEDRsLDcJlyel7VZLiRGGXsckyWj+AXWSmmYBQ root@ubuntu-bionic (RSA)
<14>Jun 15 15:40:01 cloud-init: -----END SSH HOST KEY FINGERPRINTS-----
<14>Jun 15 15:40:01 cloud-init: #############################################################
-----BEGIN SSH HOST KEY KEYS-----
ecdsa-sha2-nistp256 AAAAE2VjZHNhLXNoYTItbmlzdHAyNTYAAAAIbmlzdHAyNTYAAABBBDmdeKUPOMuIjAe73YxtiqiMr+5Uz793j+M+WnqVks9jD+I5WTUvsG+7rvtrpjL6LDlDqFDQzHsNNxty5BjYQgM= root@ubuntu-bionic
ssh-ed25519 AAAAC3NzaC1lZDI1NTE5AAAAII+qWg3ksF9DR4ADDl37VN8CgbhLaof5p9OZjcbUylCf root@ubuntu-bionic
ssh-rsa AAAAB3NzaC1yc2EAAAADAQABAAABAQDb2zYgUMwvNN/FFn6LbWOmYUk6dxFnEELdRGAQBYRj9L4fbTmF5UtuBobEXWSoBg0JG2SOch1BMDxIlwB7CWwjThUeZbD8cvdyQS2ZicLlAKrzQMWFEBxXFIpQe4D+UO2XoYuroXr9dUTNYicS1OPXYV3FyETUF5alVjQjwSLqsWeD/cqvqx2AXMmSn6VTHoiwmMrCfIfETp9DbgzW2DuOMnoUl0cfiyuWl/7XMPY/yAarGNapJI/RaQEe2cZplxJYFplsvv/Q9yY/YoFLb1Qlkgfma9HzJ/gDBtxBEsY2eIU5+jI6eZ1J5IC675gZ0HKSeE0zB2/TQRFvWY7eUtRn root@ubuntu-bionic
-----END SSH HOST KEY KEYS-----
[   15.309672] cloud-init[1646]: Cloud-init v. 23.1.1-0ubuntu0~18.04.1 running 'modules:final' at Thu, 15 Jun 2023 15:40:01 +0000. Up 15.15 seconds.
[   15.310669] cloud-init[1646]: Cloud-init v. 23.1.1-0ubuntu0~18.04.1 finished at Thu, 15 Jun 2023 15:40:01 +0000. Datasource DataSourceNoCloud [seed=/dev/sdb][dsmode=net].  Up 15.30 seconds
[[0;32m  OK  [0m] Started Execute cloud user/final scripts.
[[0;32m  OK  [0m] Reached target Cloud-init target.

Ubuntu 18.04.6 LTS ubuntu-bionic ttyS0

ubuntu-bionic login:          Stopping User Manager for UID 1000...
         Stopping Availability of block devices...
[[0;32m  OK  [0m] Stopped target Cloud-init target.
[[0;32m  OK  [0m] Stopped target Graphical Interface.
         Stopping Session 7 of user vagrant.
[[0;32m  OK  [0m] Stopped Execute cloud user/final scripts.
[[0;32m  OK  [0m] Stopped target Multi-User System.
[[0;32m  OK  [0m] Stopped target Login Prompts.
         Stopping Getty on tty1...
         Stopping Serial Getty on ttyS0...
         Stopping irqbalance daemon...
         Stopping LSB: automatic crash report generation...
         Stopping Deferred execution scheduler...
         Stopping System Logging Service...
         Stopping Dispatcher daemon for systemd-networkd...
[[0;32m  OK  [0m] Closed Load/Save RF Kill Switch Status /dev/rfkill Watch.
         Stopping Regular background program processing daemon...
[[0;32m  OK  [0m] Stopped target Timers.
[[0;32m  OK  [0m] Stopped Daily Cleanup of Temporary Directories.
[[0;32m  OK  [0m] Stopped Daily apt upgrade and clean activities.
[[0;32m  OK  [0m] Stopped Daily apt download activities.
[[0;32m  OK  [0m] Stopped Discard unused blocks once a week.
         Stopping LXD - container startup/shutdown...
         Stopping FUSE filesystem for LXC...
[[0;32m  OK  [0m] Stopped Message of the Day.
[[0;32m  OK  [0m] Stopped target System Time Synchronized.
[[0;32m  OK  [0m] Stopped Apply the settings specified in cloud-config.
[[0;32m  OK  [0m] Stopped Wait until snapd is fully seeded.
         Stopping Snap Daemon...
         Stopping D-Bus System Message Bus...
[[0;32m  OK  [0m] Stopped Ubuntu Advantage Timer for running repeated jobs.
         Stopping Authorization Manager...
         Stopping Docker Application Container Engine...
         Stopping OpenBSD Secure Shell server...
         Stopping Virtualbox guest utils...
         Stopping Accounts Service...
[[0;32m  OK  [0m] Stopped target Cloud-config availability.
[[0;32m  OK  [0m] Stopped target Host and Network Name Lookups.
         Stopping LSB: Record successful boot for GRUB...
[[0;32m  OK  [0m] Unmounted /var/lib/lxcfs.
[[0;32m  OK  [0m] Stopped Deferred execution scheduler.
[[0;32m  OK  [0m] Stopped irqbalance daemon.
[[0;32m  OK  [0m] Stopped Dispatcher daemon for systemd-networkd.
[[0;32m  OK  [0m] Stopped Regular background program processing daemon.
[[0;32m  OK  [0m] Stopped System Logging Service.
[[0;32m  OK  [0m] Stopped Accounts Service.
[[0;32m  OK  [0m] Stopped Authorization Manager.
[[0;32m  OK  [0m] Stopped Serial Getty on ttyS0.
[[0;32m  OK  [0m] Stopped Getty on tty1.
[[0;32m  OK  [0m] Stopped OpenBSD Secure Shell server.
[[0;32m  OK  [0m] Stopped Docker Application Container Engine.
[[0;32m  OK  [0m] Stopped Snap Daemon.
[[0;32m  OK  [0m] Stopped User Manager for UID 1000.
[[0;32m  OK  [0m] Stopped Availability of block devices.
[[0;32m  OK  [0m] Stopped D-Bus System Message Bus.
[[0;32m  OK  [0m] Stopped FUSE filesystem for LXC.
[[0;32m  OK  [0m] Stopped Session 7 of user vagrant.
[[0;32m  OK  [0m] Stopped LXD - container startup/shutdown.
[[0;32m  OK  [0m] Removed slice User Slice of vagrant.
         Stopping Login Service...
         Stopping containerd container runtime...
[[0;32m  OK  [0m] Removed slice system-getty.slice.
[[0;32m  OK  [0m] Stopped target Login Prompts (Pre).
[[0;32m  OK  [0m] Removed slice system-serial\x2dgetty.slice.
         Stopping Permit User Sessions...
[[0;32m  OK  [0m] Stopped containerd container runtime.
[[0;32m  OK  [0m] Stopped LSB: Record successful boot for GRUB.
[[0;32m  OK  [0m] Stopped Virtualbox guest utils.
[[0;32m  OK  [0m] Stopped Permit User Sessions.
[[0;32m  OK  [0m] Stopped LSB: automatic crash report generation.
[[0;32m  OK  [0m] Stopped target Remote File Systems.
         Unmounting /home/vagrant/mofacts-mini...
         Unmounting /vagrant/mofacts-full...
[[0;32m  OK  [0m] Unmounted /vagrant/mofacts-full.
         Unmounting /vagrant...
[[0;32m  OK  [0m] Unmounted /home/vagrant/mofacts-mini.
[[0;32m  OK  [0m] Unmounted /vagrant.
[[0;32m  OK  [0m] Stopped target Network is Online.
[[0;32m  OK  [0m] Stopped target Remote File Systems (Pre).
[[0;32m  OK  [0m] Stopped target Network.
         Stopping Network Name Resolution...
[[0;32m  OK  [0m] Stopped Login Service.
[[0;32m  OK  [0m] Stopped target User and Group Name Lookups.
[[0;32m  OK  [0m] Stopped target Basic System.
[[0;32m  OK  [0m] Stopped target Slices.
[[0;32m  OK  [0m] Stopped target Paths.
[[0;32m  OK  [0m] Stopped ACPI Events Check.
[[0;32m  OK  [0m] Stopped target Sockets.
[[0;32m  OK  [0m] Closed ACPID Listen Socket.
[[0;32m  OK  [0m] Closed Syslog Socket.
[[0;32m  OK  [0m] Closed cloud-init hotplug hook socket.
[[0;32m  OK  [0m] Closed Open-iSCSI iscsid Socket.
[[0;32m  OK  [0m] Closed UUID daemon activation socket.
[[0;32m  OK  [0m] Closed Docker Socket for the API.
[[0;32m  OK  [0m] Closed LXD - unix socket.
[[0;32m  OK  [0m] Closed D-Bus System Message Bus Socket.
[[0;32m  OK  [0m] Closed Socket activation for snappy daemon.
[[0;32m  OK  [0m] Stopped target System Initialization.
[[0;32m  OK  [0m] Stopped Initial cloud-init job (metadata service crawler).
[[0;32m  OK  [0m] Stopped Wait for Network to be Configured.
[[0;32m  OK  [0m] Stopped target Local Encrypted Volumes.
[[0;32m  OK  [0m] Stopped Forward Password Requests to Wall Directory Watch.
[[0;32m  OK  [0m] Stopped Dispatch Password Requests to Console Directory Watch.
         Stopping Update UTMP about System Boot/Shutdown...
[[0;32m  OK  [0m] Stopped Commit a transient machine-id on disk.
         Stopping Load/Save Random Seed...
[[0;32m  OK  [0m] Removed slice User and Session Slice.
[[0;32m  OK  [0m] Stopped Network Name Resolution.
[[0;32m  OK  [0m] Stopped Load/Save Random Seed.
         Stopping Network Service...
[[0;32m  OK  [0m] Stopped Update UTMP about System Boot/Shutdown.
[[0;32m  OK  [0m] Stopped Create Volatile Files and Directories.
[[0;32m  OK  [0m] Stopped target Local File Systems.
         Unmounting /run/user/1000...
         Unmounting /run/snapd/ns/nmap.mnt...
[[0;32m  OK  [0m] Stopped target Mounted snaps.
         Unmounting Mount unit for snapd, revision 19361...
         Unmounting Mount unit for nmap, revision 3077...
         Unmounting Mount unit for core22, revision 750...
[[0;32m  OK  [0m] Unmounted /run/snapd/ns.
[[0;32m  OK  [0m] Stopped Network Service.
[[0;32m  OK  [0m] Unmounted /run/user/1000.
[[0;32m  OK  [0m] Stopped target Network (Pre).
[[0;32m  OK  [0m] Stopped Initial cloud-init job (pre-networking).
[[0;32m  OK  [0m] Stopped Apply Kernel Variables.
[[0;32m  OK  [0m] Stopped Load Kernel Modules.
[[0;32m  OK  [0m] Stopped target Swap.
[[0;32m  OK  [0m] Unmounted /run/snapd/ns/nmap.mnt.
[[0;32m  OK  [0m] Unmounted Mount unit for core22, revision 750.
[[0;32m  OK  [0m] Unmounted Mount unit for nmap, revision 3077.
[[0;32m  OK  [0m] Unmounted Mount unit for snapd, revision 19361.
[[0;32m  OK  [0m] Reached target Unmount All Filesystems.
[[0;32m  OK  [0m] Stopped target Mounting snaps.
[[0;32m  OK  [0m] Stopped target Local File Systems (Pre).
         Stopping Monitoring of LVM2 mirrors…ng dmeventd or progress polling...
[[0;32m  OK  [0m] Stopped Create Static Device Nodes in /dev.
[[0;32m  OK  [0m] Stopped Remount Root and Kernel File Systems.
[[0;32m  OK  [0m] Reached target Shutdown.
[[0;32m  OK  [0m] Reached target Final Step.
         Starting Power-Off...
[[0;32m  OK  [0m] Stopped Monitoring of LVM2 mirrors,…sing dmeventd or progress polling.
         Stopping LVM2 metadata daemon...
[ 1882.585045] reboot: Power down
